[2020/07/16 10:24:07] Win Streak 5 Lose Streak 24 | Balance 993.32249046 Profit 893.29782704
[2020/07/16 12:08:41] Win Streak 3 Lose Streak 38 | Balance 1046.07682044 Profit -15.32146605
[2020/07/16 12:19:35] Win Streak 2 Lose Streak 68 | Balance 1093.13472845 Profit 46.62053024
[2020/07/16 12:20:12] Win Streak 1 Lose Streak 52 | Balance 1215.04713996 Profit 122.02572151
[2020/07/16 12:21:10] Win Streak 2 Lose Streak 14 | Balance 1233.33678493 Profit 18.53605497
Withdraw 10.00000000
[2020/07/16 14:24:12] Win Streak 0 Lose Streak 1 | Balance 1013.95617014 Profit -0.0001
[2020/07/16 14:26:09] Win Streak 3 Lose Streak 17 | Balance 1006.06628291 Profit 2.11021277
[2020/07/16 20:44:24] Win Streak 6 Lose Streak 11 | Balance 350.3670744 Profit 0.09184382
[2020/07/16 20:44:52] Win Streak 4 Lose Streak 21 | Balance 350.36719389 Profit 0.09222009
[2020/07/16 21:42:52] Win Streak 5 Lose Streak 13 | Balance 350.41477781 Profit 0.04761981
[2020/07/16 21:42:52] Win Streak 4 Lose Streak 9 | Balance 350.41459459 Profit 0.04753659
[2020/07/16 21:42:52] Win Streak 6 Lose Streak 13 | Balance 350.36705813 Profit 0.09198433
[2020/07/16 21:42:52] Win Streak 3 Lose Streak 9 | Balance 350.41473459 Profit 0.04741981
[2020/07/16 21:42:52] Win Streak 5 Lose Streak 16 | Balance 350.41483459 Profit 0.14001757
[2020/10/14 09:01:05] Win Streak 0 Lose Streak 1 | Balance 0.00736983 Profit 1.4e-06
[2020/10/14 09:01:11] Win Streak 0 Lose Streak 1 | Balance 0.00737056 Profit 1.43e-06
[2020/10/14 09:01:12] Win Streak 0 Lose Streak 1 | Balance 0.00736956 Profit -1.27e-06
[2020/10/14 09:01:14] Win Streak 1 Lose Streak 1 | Balance 0.00736856 Profit 1.13e-06
[2020/10/14 09:01:56] Win Streak 0 Lose Streak 1 | Balance 0.00736896 Profit -1.3e-06
[2020/10/14 09:02:00] Win Streak 0 Lose Streak 1 | Balance 0.00737014 Profit -8.2e-07
[2020/10/14 09:02:07] Win Streak 1 Lose Streak 1 | Balance 0.0073723 Profit 2.34e-06
[2020/10/14 09:02:09] Win Streak 2 Lose Streak 1 | Balance 0.0073713 Profit 2.04e-06
